::1 - - [05/Mar/2022:21:01:52 +0000] "GET /signup/ HTTP/1.1" 404 146 "-" "PostmanRuntime/7.29.0"
::1 - - [05/Mar/2022:21:02:07 +0000] "POST /signup/ HTTP/1.1" 404 147 "-" "PostmanRuntime/7.29.0"
::1 - - [05/Mar/2022:21:02:32 +0000] "POST /signup/ HTTP/1.1" 404 147 "-" "PostmanRuntime/7.29.0"
::1 - - [05/Mar/2022:21:20:33 +0000] "POST /signup/ HTTP/1.1" 404 147 "-" "PostmanRuntime/7.29.0"
::1 - - [05/Mar/2022:21:20:57 +0000] "POST /user/signup/ HTTP/1.1" 201 247 "-" "PostmanRuntime/7.29.0"
::1 - - [05/Mar/2022:21:22:30 +0000] "POST /user/signup/ HTTP/1.1" 500 56 "-" "PostmanRuntime/7.29.0"
::1 - - [05/Mar/2022:21:22:44 +0000] "POST /user/signup/ HTTP/1.1" 500 56 "-" "PostmanRuntime/7.29.0"
::1 - - [05/Mar/2022:21:23:07 +0000] "POST /user/signup/ HTTP/1.1" 500 56 "-" "PostmanRuntime/7.29.0"
::1 - - [05/Mar/2022:21:23:40 +0000] "POST /user/signup/ HTTP/1.1" 500 56 "-" "PostmanRuntime/7.29.0"
::1 - - [05/Mar/2022:21:24:41 +0000] "POST /user/signup/ HTTP/1.1" 500 56 "-" "PostmanRuntime/7.29.0"
::1 - - [05/Mar/2022:21:24:50 +0000] "POST /user/signup/ HTTP/1.1" 500 56 "-" "PostmanRuntime/7.29.0"
::1 - - [05/Mar/2022:21:26:51 +0000] "POST /user/signup/ HTTP/1.1" 201 224 "-" "PostmanRuntime/7.29.0"
::1 - - [05/Mar/2022:21:29:09 +0000] "POST /user/signup/ HTTP/1.1" 201 318 "-" "PostmanRuntime/7.29.0"
::1 - - [05/Mar/2022:21:29:46 +0000] "POST /user/signup/ HTTP/1.1" 201 318 "-" "PostmanRuntime/7.29.0"
::1 - - [05/Mar/2022:21:31:09 +0000] "GET /user/auth/google HTTP/1.1" 404 155 "-" "Mozilla/5.0 (Windows NT 10.0; Win64; x64) AppleWebKit/537.36 (KHTML, like Gecko) Chrome/99.0.4844.51 Safari/537.36"
::1 - - [05/Mar/2022:21:44:41 +0000] "GET /auth/google HTTP/1.1" 302 0 "-" "Mozilla/5.0 (Windows NT 10.0; Win64; x64) AppleWebKit/537.36 (KHTML, like Gecko) Chrome/99.0.4844.51 Safari/537.36"
::1 - - [05/Mar/2022:21:52:58 +0000] "GET /auth/google HTTP/1.1" 302 0 "-" "Mozilla/5.0 (Windows NT 10.0; Win64; x64) AppleWebKit/537.36 (KHTML, like Gecko) Chrome/99.0.4844.51 Safari/537.36"
::1 - - [05/Mar/2022:21:53:10 +0000] "GET /auth/google/callback?code=4%2F0AX4XfWg1gRjW4RwKVza1HNY4Mxd2zmnGz4PXQLS-Bcg-Kl2eGFBk82misahweLlvE5C6JQ&scope=email+profile+https%3A%2F%2Fwww.googleapis.com%2Fauth%2Fuserinfo.profile+https%3A%2F%2Fwww.googleapis.com%2Fauth%2Fuserinfo.email+openid&authuser=0&prompt=consent HTTP/1.1" 500 207 "-" "Mozilla/5.0 (Windows NT 10.0; Win64; x64) AppleWebKit/537.36 (KHTML, like Gecko) Chrome/99.0.4844.51 Safari/537.36"
::1 - - [05/Mar/2022:21:53:12 +0000] "GET /favicon.ico HTTP/1.1" 404 150 "-" "Mozilla/5.0 (Windows NT 10.0; Win64; x64) AppleWebKit/537.36 (KHTML, like Gecko) Chrome/99.0.4844.51 Safari/537.36"
::1 - - [05/Mar/2022:21:56:44 +0000] "GET /auth/google/ HTTP/1.1" 302 0 "-" "Mozilla/5.0 (Windows NT 10.0; Win64; x64) AppleWebKit/537.36 (KHTML, like Gecko) Chrome/99.0.4844.51 Safari/537.36"
::1 - - [05/Mar/2022:21:56:52 +0000] "GET /auth/google/callback?code=4%2F0AX4XfWj30eWhPtZ76-1asjaqld5Lqah0s2HDrhMt9J_8BaCyR8fd5KDPYfKEo1WwFLWtZw&scope=email+profile+https%3A%2F%2Fwww.googleapis.com%2Fauth%2Fuserinfo.profile+https%3A%2F%2Fwww.googleapis.com%2Fauth%2Fuserinfo.email+openid&authuser=0&prompt=consent HTTP/1.1" 500 236 "-" "Mozilla/5.0 (Windows NT 10.0; Win64; x64) AppleWebKit/537.36 (KHTML, like Gecko) Chrome/99.0.4844.51 Safari/537.36"
::1 - - [05/Mar/2022:21:57:38 +0000] "GET /auth/google/callback?code=4%2F0AX4XfWiWg6qTJVFK2gWBH-PwaORtq0Cnnx-twIWar8zN5flhIfN8SBZDscV9K6bnLXT6bw&scope=email+profile+https%3A%2F%2Fwww.googleapis.com%2Fauth%2Fuserinfo.profile+https%3A%2F%2Fwww.googleapis.com%2Fauth%2Fuserinfo.email+openid&authuser=0&prompt=consent HTTP/1.1" 500 108 "-" "Mozilla/5.0 (Windows NT 10.0; Win64; x64) AppleWebKit/537.36 (KHTML, like Gecko) Chrome/99.0.4844.51 Safari/537.36"
::1 - - [05/Mar/2022:21:59:17 +0000] "GET /auth/google/callback?code=4%2F0AX4XfWgqiAn53N2sj3GwcItVO89ba4I4J2eno4k4lJIquP-xaguBPEwXlcIg-dv-2norgg&scope=email+profile+https%3A%2F%2Fwww.googleapis.com%2Fauth%2Fuserinfo.profile+https%3A%2F%2Fwww.googleapis.com%2Fauth%2Fuserinfo.email+openid&authuser=0&prompt=consent HTTP/1.1" 500 108 "-" "Mozilla/5.0 (Windows NT 10.0; Win64; x64) AppleWebKit/537.36 (KHTML, like Gecko) Chrome/99.0.4844.51 Safari/537.36"
::1 - - [05/Mar/2022:21:59:59 +0000] "GET /auth/google/callback?code=4%2F0AX4XfWiBqC7INcE3NWyRziMu4-s8OimbIEfwl21pK-M3ccY6DYr3rUWprlUj-3t0yYdl5g&scope=email+profile+https%3A%2F%2Fwww.googleapis.com%2Fauth%2Fuserinfo.profile+https%3A%2F%2Fwww.googleapis.com%2Fauth%2Fuserinfo.email+openid&authuser=0&prompt=consent HTTP/1.1" 500 108 "-" "Mozilla/5.0 (Windows NT 10.0; Win64; x64) AppleWebKit/537.36 (KHTML, like Gecko) Chrome/99.0.4844.51 Safari/537.36"
::1 - - [05/Mar/2022:22:01:05 +0000] "GET /auth/google/callback?code=4%2F0AX4XfWh-Z4pf-glmessG7JKcrqLW-lm8HqGBNdwyYPHdqkoP6KooLx1Fg2SU-i7p0USyxw&scope=email+profile+https%3A%2F%2Fwww.googleapis.com%2Fauth%2Fuserinfo.profile+https%3A%2F%2Fwww.googleapis.com%2Fauth%2Fuserinfo.email+openid&authuser=0&prompt=consent HTTP/1.1" 500 76 "-" "Mozilla/5.0 (Windows NT 10.0; Win64; x64) AppleWebKit/537.36 (KHTML, like Gecko) Chrome/99.0.4844.51 Safari/537.36"
::1 - - [05/Mar/2022:22:01:44 +0000] "GET /auth/google/callback?code=4%2F0AX4XfWiEC5VqGznKweyjp5-tYDMG5d4M-U-KouGvzTRyzEh_A8f0Ie_cBk-snHJXXAAEcA&scope=email+profile+https%3A%2F%2Fwww.googleapis.com%2Fauth%2Fuserinfo.profile+https%3A%2F%2Fwww.googleapis.com%2Fauth%2Fuserinfo.email+openid&authuser=0&prompt=consent HTTP/1.1" 302 56 "-" "Mozilla/5.0 (Windows NT 10.0; Win64; x64) AppleWebKit/537.36 (KHTML, like Gecko) Chrome/99.0.4844.51 Safari/537.36"
::1 - - [05/Mar/2022:22:01:44 +0000] "GET /blogs HTTP/1.1" 404 144 "-" "Mozilla/5.0 (Windows NT 10.0; Win64; x64) AppleWebKit/537.36 (KHTML, like Gecko) Chrome/99.0.4844.51 Safari/537.36"
::1 - - [06/Mar/2022:09:36:18 +0000] "GET /auth/google HTTP/1.1" 302 0 "-" "Mozilla/5.0 (Windows NT 10.0; Win64; x64) AppleWebKit/537.36 (KHTML, like Gecko) Chrome/99.0.4844.51 Safari/537.36"
::1 - - [06/Mar/2022:09:36:34 +0000] "GET /auth/google/callback?code=4%2F0AX4XfWhkZeACqPrq_oOH4SDh4gq3SJQtP-j43vzs4_cT-n-DZvO7jFCCmRMwDDBOMLGgmw&scope=email+profile+https%3A%2F%2Fwww.googleapis.com%2Fauth%2Fuserinfo.profile+https%3A%2F%2Fwww.googleapis.com%2Fauth%2Fuserinfo.email+openid&authuser=0&prompt=consent HTTP/1.1" 302 72 "-" "Mozilla/5.0 (Windows NT 10.0; Win64; x64) AppleWebKit/537.36 (KHTML, like Gecko) Chrome/99.0.4844.51 Safari/537.36"
::1 - - [06/Mar/2022:09:36:34 +0000] "GET /allRestaurant HTTP/1.1" 404 152 "-" "Mozilla/5.0 (Windows NT 10.0; Win64; x64) AppleWebKit/537.36 (KHTML, like Gecko) Chrome/99.0.4844.51 Safari/537.36"
::1 - - [06/Mar/2022:09:37:17 +0000] "GET /allRestaurant HTTP/1.1" 404 152 "-" "Mozilla/5.0 (Windows NT 10.0; Win64; x64) AppleWebKit/537.36 (KHTML, like Gecko) Chrome/99.0.4844.51 Safari/537.36"
::1 - - [06/Mar/2022:09:38:29 +0000] "GET /allRestaurant HTTP/1.1" 404 152 "-" "Mozilla/5.0 (Windows NT 10.0; Win64; x64) AppleWebKit/537.36 (KHTML, like Gecko) Chrome/99.0.4844.51 Safari/537.36"
::1 - - [06/Mar/2022:09:38:39 +0000] "GET /allRestaurant HTTP/1.1" 404 152 "-" "Mozilla/5.0 (Windows NT 10.0; Win64; x64) AppleWebKit/537.36 (KHTML, like Gecko) Chrome/99.0.4844.51 Safari/537.36"
::1 - - [06/Mar/2022:09:38:53 +0000] "GET /allRestaurant HTTP/1.1" 404 152 "-" "Mozilla/5.0 (Windows NT 10.0; Win64; x64) AppleWebKit/537.36 (KHTML, like Gecko) Chrome/99.0.4844.51 Safari/537.36"
::1 - - [06/Mar/2022:09:39:58 +0000] "GET /t/allRestaurant HTTP/1.1" 404 154 "-" "Mozilla/5.0 (Windows NT 10.0; Win64; x64) AppleWebKit/537.36 (KHTML, like Gecko) Chrome/99.0.4844.51 Safari/537.36"
::1 - - [06/Mar/2022:09:41:12 +0000] "GET /allRestaurant HTTP/1.1" 404 152 "-" "Mozilla/5.0 (Windows NT 10.0; Win64; x64) AppleWebKit/537.36 (KHTML, like Gecko) Chrome/99.0.4844.51 Safari/537.36"
::1 - - [06/Mar/2022:09:43:24 +0000] "GET /allRestaurant HTTP/1.1" 404 152 "-" "Mozilla/5.0 (Windows NT 10.0; Win64; x64) AppleWebKit/537.36 (KHTML, like Gecko) Chrome/99.0.4844.51 Safari/537.36"
::ffff:127.0.0.1 - - [06/Mar/2022:09:44:25 +0000] "GET /allRestaurant HTTP/1.1" 200 18 "-" "Mozilla/5.0 (Windows NT 10.0; Win64; x64) AppleWebKit/537.36 (KHTML, like Gecko) Chrome/99.0.4844.51 Safari/537.36"
::ffff:127.0.0.1 - - [06/Mar/2022:09:44:27 +0000] "GET /favicon.ico HTTP/1.1" 404 150 "-" "Mozilla/5.0 (Windows NT 10.0; Win64; x64) AppleWebKit/537.36 (KHTML, like Gecko) Chrome/99.0.4844.51 Safari/537.36"
::ffff:127.0.0.1 - - [06/Mar/2022:09:44:35 +0000] "GET /allRestaurant HTTP/1.1" 304 - "-" "Mozilla/5.0 (Windows NT 10.0; Win64; x64) AppleWebKit/537.36 (KHTML, like Gecko) Chrome/99.0.4844.51 Safari/537.36"
::ffff:127.0.0.1 - - [06/Mar/2022:09:44:46 +0000] "GET /allRestaurant HTTP/1.1" 304 - "-" "Mozilla/5.0 (Windows NT 10.0; Win64; x64) AppleWebKit/537.36 (KHTML, like Gecko) Chrome/99.0.4844.51 Safari/537.36"
::1 - - [06/Mar/2022:09:45:14 +0000] "GET /auth/google HTTP/1.1" 302 0 "-" "Mozilla/5.0 (Windows NT 10.0; Win64; x64) AppleWebKit/537.36 (KHTML, like Gecko) Chrome/99.0.4844.51 Safari/537.36"
::1 - - [06/Mar/2022:09:45:26 +0000] "GET /auth/google/callback?code=4%2F0AX4XfWggRzsroKIL1IDFYdyf_knyw-eT6_YwkdgtIKgsP0mnyjX_DUZNnjMZYDS6jEz0sg&scope=email+profile+https%3A%2F%2Fwww.googleapis.com%2Fauth%2Fuserinfo.profile+https%3A%2F%2Fwww.googleapis.com%2Fauth%2Fuserinfo.email+openid&authuser=0&prompt=consent HTTP/1.1" 302 72 "-" "Mozilla/5.0 (Windows NT 10.0; Win64; x64) AppleWebKit/537.36 (KHTML, like Gecko) Chrome/99.0.4844.51 Safari/537.36"
::1 - - [06/Mar/2022:09:45:27 +0000] "GET /allRestaurant HTTP/1.1" 304 - "-" "Mozilla/5.0 (Windows NT 10.0; Win64; x64) AppleWebKit/537.36 (KHTML, like Gecko) Chrome/99.0.4844.51 Safari/537.36"
::1 - - [06/Mar/2022:12:39:39 +0000] "POST /createRestaurant HTTP/1.1" 200 120 "-" "PostmanRuntime/7.29.0"
::1 - - [06/Mar/2022:12:40:17 +0000] "POST /createRestaurant HTTP/1.1" 200 118 "-" "PostmanRuntime/7.29.0"
::1 - - [06/Mar/2022:12:40:37 +0000] "GET /allRestaurant HTTP/1.1" 200 257 "-" "Mozilla/5.0 (Windows NT 10.0; Win64; x64) AppleWebKit/537.36 (KHTML, like Gecko) Chrome/99.0.4844.51 Safari/537.36"
::1 - - [06/Mar/2022:12:41:24 +0000] "GET /Restaurant/:6224ab8bd5d1a837aee20e61 HTTP/1.1" 500 46 "-" "Mozilla/5.0 (Windows NT 10.0; Win64; x64) AppleWebKit/537.36 (KHTML, like Gecko) Chrome/99.0.4844.51 Safari/537.36"
::1 - - [06/Mar/2022:12:42:02 +0000] "GET /Restaurant/?6224ab8bd5d1a837aee20e61 HTTP/1.1" - - "-" "Mozilla/5.0 (Windows NT 10.0; Win64; x64) AppleWebKit/537.36 (KHTML, like Gecko) Chrome/99.0.4844.51 Safari/537.36"
::1 - - [06/Mar/2022:12:42:03 +0000] "GET /Restaurant/:6224ab8bd5d1a837aee20e61 HTTP/1.1" 500 46 "-" "Mozilla/5.0 (Windows NT 10.0; Win64; x64) AppleWebKit/537.36 (KHTML, like Gecko) Chrome/99.0.4844.51 Safari/537.36"
::1 - - [06/Mar/2022:12:43:36 +0000] "GET /Restaurant?id=6224ab8bd5d1a837aee20e61 HTTP/1.1" 200 135 "-" "PostmanRuntime/7.29.0"
::1 - - [06/Mar/2022:12:44:01 +0000] "GET /Restaurant?id=6224ab8bd5d1a837aee20e61 HTTP/1.1" 200 135 "-" "PostmanRuntime/7.29.0"
::1 - - [06/Mar/2022:12:45:45 +0000] "GET /Restaurant?id=6224ab8bd5d1a837aee20e61 HTTP/1.1" 200 135 "-" "PostmanRuntime/7.29.0"
::1 - - [06/Mar/2022:12:46:32 +0000] "POST /Restaurant?id=6224ab8bd5d1a837aee20e61 HTTP/1.1" 404 150 "-" "PostmanRuntime/7.29.0"
::1 - - [06/Mar/2022:12:48:41 +0000] "GET /allRestaurant HTTP/1.1" 304 - "-" "Mozilla/5.0 (Windows NT 10.0; Win64; x64) AppleWebKit/537.36 (KHTML, like Gecko) Chrome/99.0.4844.51 Safari/537.36"
::1 - - [06/Mar/2022:12:49:04 +0000] "GET /Restaurant HTTP/1.1" 200 135 "-" "PostmanRuntime/7.29.0"
::1 - - [06/Mar/2022:12:49:30 +0000] "GET /allRestaurant HTTP/1.1" 200 257 "-" "PostmanRuntime/7.29.0"
::1 - - [06/Mar/2022:12:49:43 +0000] "GET /Restaurant?id=6224ab8bd5d1a837aee20e61 HTTP/1.1" - - "-" "PostmanRuntime/7.29.0"
::1 - - [06/Mar/2022:12:56:05 +0000] "GET /Restaurant?6224ab8bd5d1a837aee20e61 HTTP/1.1" - - "-" "Mozilla/5.0 (Windows NT 10.0; Win64; x64) AppleWebKit/537.36 (KHTML, like Gecko) Chrome/99.0.4844.51 Safari/537.36"
::1 - - [06/Mar/2022:12:59:56 +0000] "GET /restaurant HTTP/1.1" 200 135 "-" "PostmanRuntime/7.29.0"
::1 - - [06/Mar/2022:13:00:09 +0000] "GET /restaurant HTTP/1.1" 200 137 "-" "PostmanRuntime/7.29.0"
::1 - - [06/Mar/2022:13:00:43 +0000] "GET /restaurant HTTP/1.1" 200 137 "-" "PostmanRuntime/7.29.0"
::1 - - [06/Mar/2022:13:01:06 +0000] "GET /restaurant HTTP/1.1" 200 135 "-" "PostmanRuntime/7.29.0"
::1 - - [06/Mar/2022:13:04:16 +0000] "POST /createRestaurant HTTP/1.1" 200 135 "-" "PostmanRuntime/7.29.0"
::1 - - [06/Mar/2022:13:06:10 +0000] "GET /restaurant HTTP/1.1" 200 17 "-" "PostmanRuntime/7.29.0"
::1 - - [06/Mar/2022:13:06:35 +0000] "GET /restaurant HTTP/1.1" - - "-" "PostmanRuntime/7.29.0"
::1 - - [06/Mar/2022:13:06:43 +0000] "GET /restaurant HTTP/1.1" 200 17 "-" "PostmanRuntime/7.29.0"
::1 - - [06/Mar/2022:13:06:58 +0000] "GET /restaurant HTTP/1.1" 200 392 "-" "PostmanRuntime/7.29.0"
::1 - - [06/Mar/2022:13:10:09 +0000] "GET /restaurantDetails?id=6224b14f9891c60f35640eda HTTP/1.1" 404 156 "-" "PostmanRuntime/7.29.0"
::1 - - [06/Mar/2022:13:10:30 +0000] "GET /restaurantDetails?id=6224b14f9891c60f35640eda HTTP/1.1" 404 156 "-" "PostmanRuntime/7.29.0"
::1 - - [06/Mar/2022:13:11:21 +0000] "GET /restaurantDetails?id=6224b14f9891c60f35640eda HTTP/1.1" 404 156 "-" "PostmanRuntime/7.29.0"
::1 - - [06/Mar/2022:13:11:22 +0000] "GET /restaurantDetails?id=6224b14f9891c60f35640eda HTTP/1.1" 404 156 "-" "PostmanRuntime/7.29.0"
::1 - - [06/Mar/2022:13:11:24 +0000] "GET /restaurantDetails?id=6224b14f9891c60f35640eda HTTP/1.1" 404 156 "-" "PostmanRuntime/7.29.0"
::1 - - [06/Mar/2022:13:13:02 +0000] "GET /restaurantDetails?id=6224b14f9891c60f35640eda HTTP/1.1" 404 156 "-" "PostmanRuntime/7.29.0"
::1 - - [06/Mar/2022:13:14:09 +0000] "GET /restaurantDetails?id=6224b14f9891c60f35640eda HTTP/1.1" 404 156 "-" "PostmanRuntime/7.29.0"
::1 - - [06/Mar/2022:13:14:10 +0000] "GET /restaurantDetails?id=6224b14f9891c60f35640eda HTTP/1.1" 404 156 "-" "PostmanRuntime/7.29.0"
::1 - - [06/Mar/2022:13:14:11 +0000] "GET /restaurantDetails?id=6224b14f9891c60f35640eda HTTP/1.1" 404 156 "-" "PostmanRuntime/7.29.0"
::1 - - [06/Mar/2022:13:14:13 +0000] "GET /restaurantDetails?id=6224b14f9891c60f35640eda HTTP/1.1" 404 156 "-" "PostmanRuntime/7.29.0"
::1 - - [06/Mar/2022:13:14:13 +0000] "GET /restaurantDetails?id=6224b14f9891c60f35640eda HTTP/1.1" 404 156 "-" "PostmanRuntime/7.29.0"
::1 - - [06/Mar/2022:13:14:13 +0000] "GET /restaurantDetails?id=6224b14f9891c60f35640eda HTTP/1.1" 404 156 "-" "PostmanRuntime/7.29.0"
::1 - - [06/Mar/2022:13:14:14 +0000] "GET /restaurantDetails?id=6224b14f9891c60f35640eda HTTP/1.1" 404 156 "-" "PostmanRuntime/7.29.0"
::1 - - [06/Mar/2022:13:14:14 +0000] "GET /restaurantDetails?id=6224b14f9891c60f35640eda HTTP/1.1" 404 156 "-" "PostmanRuntime/7.29.0"
::1 - - [06/Mar/2022:13:14:15 +0000] "GET /restaurantDetails?id=6224b14f9891c60f35640eda HTTP/1.1" 404 156 "-" "PostmanRuntime/7.29.0"
::1 - - [06/Mar/2022:13:14:51 +0000] "GET /restaurantDetails?id=6224b14f9891c60f35640eda HTTP/1.1" 404 156 "-" "PostmanRuntime/7.29.0"
::1 - - [06/Mar/2022:13:14:52 +0000] "GET /restaurantDetails?id=6224b14f9891c60f35640eda HTTP/1.1" 404 156 "-" "PostmanRuntime/7.29.0"
::1 - - [06/Mar/2022:13:16:23 +0000] "GET /restaurantDetails?id=6224b14f9891c60f35640eda HTTP/1.1" 404 156 "-" "PostmanRuntime/7.29.0"
::1 - - [06/Mar/2022:13:16:24 +0000] "GET /restaurantDetails?id=6224b14f9891c60f35640eda HTTP/1.1" 404 156 "-" "PostmanRuntime/7.29.0"
::1 - - [06/Mar/2022:13:18:30 +0000] "GET /restaurantDetails?id=6224b14f9891c60f35640eda HTTP/1.1" 404 156 "-" "PostmanRuntime/7.29.0"
::1 - - [06/Mar/2022:13:18:31 +0000] "GET /restaurantDetails?id=6224b14f9891c60f35640eda HTTP/1.1" 404 156 "-" "PostmanRuntime/7.29.0"
::1 - - [06/Mar/2022:13:18:46 +0000] "GET /restaurantDetails?id=6224abb1d5d1a837aee20e65 HTTP/1.1" 404 156 "-" "PostmanRuntime/7.29.0"
::1 - - [06/Mar/2022:13:18:47 +0000] "GET /restaurantDetails?id=6224abb1d5d1a837aee20e65 HTTP/1.1" 404 156 "-" "PostmanRuntime/7.29.0"
::1 - - [06/Mar/2022:13:19:38 +0000] "GET /restaurantDetails HTTP/1.1" 404 156 "-" "PostmanRuntime/7.29.0"
::1 - - [06/Mar/2022:13:19:59 +0000] "GET /allRestaurant HTTP/1.1" 200 393 "-" "PostmanRuntime/7.29.0"
::1 - - [06/Mar/2022:13:20:35 +0000] "GET /restaurant HTTP/1.1" 200 152 "-" "PostmanRuntime/7.29.0"
::1 - - [06/Mar/2022:13:21:40 +0000] "GET /restaurantDetails/?id=6224abb1d5d1a837aee20e65 HTTP/1.1" 404 157 "-" "PostmanRuntime/7.29.0"
::1 - - [06/Mar/2022:13:21:54 +0000] "GET /restaurantDetails?id=6224abb1d5d1a837aee20e65 HTTP/1.1" 404 156 "-" "PostmanRuntime/7.29.0"
::1 - - [06/Mar/2022:13:22:27 +0000] "GET /restaurantDetails?id=6224abb1d5d1a837aee20e65 HTTP/1.1" 404 156 "-" "PostmanRuntime/7.29.0"
::1 - - [06/Mar/2022:13:22:35 +0000] "GET /restaurantDetails/?id=6224abb1d5d1a837aee20e65 HTTP/1.1" 404 157 "-" "PostmanRuntime/7.29.0"
::1 - - [06/Mar/2022:13:23:00 +0000] "GET /restaurantDetails/?id=6224abb1d5d1a837aee20e65 HTTP/1.1" 404 157 "-" "PostmanRuntime/7.29.0"
::1 - - [06/Mar/2022:13:23:06 +0000] "GET /restaurantDetails?id=6224abb1d5d1a837aee20e65 HTTP/1.1" 404 156 "-" "PostmanRuntime/7.29.0"
::1 - - [06/Mar/2022:13:23:07 +0000] "GET /restaurantDetails?id=6224abb1d5d1a837aee20e65 HTTP/1.1" 404 156 "-" "PostmanRuntime/7.29.0"
::1 - - [06/Mar/2022:13:23:07 +0000] "GET /restaurantDetails?id=6224abb1d5d1a837aee20e65 HTTP/1.1" 404 156 "-" "PostmanRuntime/7.29.0"
::1 - - [06/Mar/2022:13:23:08 +0000] "GET /restaurantDetails?id=6224abb1d5d1a837aee20e65 HTTP/1.1" 404 156 "-" "PostmanRuntime/7.29.0"
::1 - - [06/Mar/2022:13:23:08 +0000] "GET /restaurantDetails?id=6224abb1d5d1a837aee20e65 HTTP/1.1" 404 156 "-" "PostmanRuntime/7.29.0"
::1 - - [06/Mar/2022:13:23:09 +0000] "GET /restaurantDetails?id=6224abb1d5d1a837aee20e65 HTTP/1.1" 404 156 "-" "PostmanRuntime/7.29.0"
::1 - - [06/Mar/2022:13:23:09 +0000] "GET /restaurantDetails?id=6224abb1d5d1a837aee20e65 HTTP/1.1" 404 156 "-" "PostmanRuntime/7.29.0"
::1 - - [06/Mar/2022:13:23:09 +0000] "GET /restaurantDetails?id=6224abb1d5d1a837aee20e65 HTTP/1.1" 404 156 "-" "PostmanRuntime/7.29.0"
::1 - - [06/Mar/2022:13:23:15 +0000] "GET /restaurantDetails?id=6224abb1d5d1a837aee20e65 HTTP/1.1" 404 156 "-" "PostmanRuntime/7.29.0"
::1 - - [06/Mar/2022:13:23:59 +0000] "GET /api/restaurantDetails?id=6224abb1d5d1a837aee20e65 HTTP/1.1" 404 160 "-" "PostmanRuntime/7.29.0"
::1 - - [06/Mar/2022:13:24:01 +0000] "GET /api/restaurantDetails?id=6224abb1d5d1a837aee20e65 HTTP/1.1" 404 160 "-" "PostmanRuntime/7.29.0"
::1 - - [06/Mar/2022:13:24:01 +0000] "GET /api/restaurantDetails?id=6224abb1d5d1a837aee20e65 HTTP/1.1" 404 160 "-" "PostmanRuntime/7.29.0"
::1 - - [06/Mar/2022:13:26:17 +0000] "GET /api/restaurantDetails?id=6224abb1d5d1a837aee20e65 HTTP/1.1" 404 160 "-" "PostmanRuntime/7.29.0"
::1 - - [06/Mar/2022:13:26:29 +0000] "GET /restaurantDetails?id=6224abb1d5d1a837aee20e65 HTTP/1.1" 200 135 "-" "PostmanRuntime/7.29.0"
::1 - - [06/Mar/2022:13:27:13 +0000] "GET /restaurantDetails?id=6224abb1d5d1a837aee20e65 HTTP/1.1" 404 156 "-" "PostmanRuntime/7.29.0"
::1 - - [06/Mar/2022:13:29:41 +0000] "GET /restaurantDetails?id=6224abb1d5d1a837aee20e65 HTTP/1.1" 404 156 "-" "PostmanRuntime/7.29.0"
::1 - - [06/Mar/2022:13:29:42 +0000] "GET /restaurantDetails?id=6224abb1d5d1a837aee20e65 HTTP/1.1" 404 156 "-" "PostmanRuntime/7.29.0"
::1 - - [06/Mar/2022:13:29:44 +0000] "GET /restaurantDetails?id=6224abb1d5d1a837aee20e65 HTTP/1.1" 404 156 "-" "PostmanRuntime/7.29.0"
::1 - - [06/Mar/2022:13:30:46 +0000] "GET /restaurantd?id=6224abb1d5d1a837aee20e65 HTTP/1.1" 404 150 "-" "PostmanRuntime/7.29.0"
::1 - - [06/Mar/2022:13:31:16 +0000] "GET /restaurantDetails?id=6224abb1d5d1a837aee20e65 HTTP/1.1" 200 135 "-" "PostmanRuntime/7.29.0"
::1 - - [06/Mar/2022:13:35:14 +0000] "GET /restaurantDetails?id=6224abb1d5d1a837aee20e65 HTTP/1.1" 200 135 "-" "PostmanRuntime/7.29.0"
::1 - - [06/Mar/2022:13:35:55 +0000] "GET /restaurantDetails?id=6224abb1d5d1a837aee20e65 HTTP/1.1" 200 135 "-" "PostmanRuntime/7.29.0"
::1 - - [06/Mar/2022:13:36:28 +0000] "GET /restaurantDetails?id=6224abb1d5d1a837aee20e65 HTTP/1.1" 200 135 "-" "Mozilla/5.0 (Windows NT 10.0; Win64; x64) AppleWebKit/537.36 (KHTML, like Gecko) Chrome/99.0.4844.51 Safari/537.36"
::1 - - [06/Mar/2022:13:38:25 +0000] "GET /restaurantDetails?id=6224abb1d5d1a837aee20e65 HTTP/1.1" 304 - "-" "Mozilla/5.0 (Windows NT 10.0; Win64; x64) AppleWebKit/537.36 (KHTML, like Gecko) Chrome/99.0.4844.51 Safari/537.36"
::1 - - [06/Mar/2022:13:38:51 +0000] "GET /restaurantDetails?id=6224abb1d5d1a837aee20e65 HTTP/1.1" 304 - "-" "Mozilla/5.0 (Windows NT 10.0; Win64; x64) AppleWebKit/537.36 (KHTML, like Gecko) Chrome/99.0.4844.51 Safari/537.36"
::ffff:127.0.0.1 - - [06/Mar/2022:13:39:06 +0000] "GET /restaurantDetails?id=6224abb1d5d1a837aee20e65 HTTP/1.1" 304 - "-" "Mozilla/5.0 (Windows NT 10.0; Win64; x64) AppleWebKit/537.36 (KHTML, like Gecko) Chrome/99.0.4844.51 Safari/537.36"
::1 - - [06/Mar/2022:13:48:06 +0000] "GET /auth/google HTTP/1.1" 302 0 "-" "Mozilla/5.0 (Windows NT 10.0; Win64; x64) AppleWebKit/537.36 (KHTML, like Gecko) Chrome/99.0.4844.51 Safari/537.36"
::1 - - [06/Mar/2022:13:48:15 +0000] "GET /auth/google/callback?code=4%2F0AX4XfWgAub59Fmd3NcNp2zj1MgObY6id1CsLwENBsdYH7_yu_ug3SyRWjcubMmpHHpEqTw&scope=email+profile+https%3A%2F%2Fwww.googleapis.com%2Fauth%2Fuserinfo.profile+https%3A%2F%2Fwww.googleapis.com%2Fauth%2Fuserinfo.email+openid&authuser=1&prompt=consent HTTP/1.1" 500 132 "-" "Mozilla/5.0 (Windows NT 10.0; Win64; x64) AppleWebKit/537.36 (KHTML, like Gecko) Chrome/99.0.4844.51 Safari/537.36"
::1 - - [06/Mar/2022:13:48:39 +0000] "GET /auth/google/callback?code=4%2F0AX4XfWhDtq8Gm0lcKRq_waLJJOcEegCpUnHArsEj_8ThTT7mXKAtLAkMvMzVDhKp_50Hyg&scope=email+profile+https%3A%2F%2Fwww.googleapis.com%2Fauth%2Fuserinfo.profile+https%3A%2F%2Fwww.googleapis.com%2Fauth%2Fuserinfo.email+openid&authuser=1&prompt=consent HTTP/1.1" 302 72 "-" "Mozilla/5.0 (Windows NT 10.0; Win64; x64) AppleWebKit/537.36 (KHTML, like Gecko) Chrome/99.0.4844.51 Safari/537.36"
::1 - - [06/Mar/2022:13:48:40 +0000] "GET /allRestaurant HTTP/1.1" 200 393 "-" "Mozilla/5.0 (Windows NT 10.0; Win64; x64) AppleWebKit/537.36 (KHTML, like Gecko) Chrome/99.0.4844.51 Safari/537.36"
::1 - - [06/Mar/2022:13:49:10 +0000] "GET /auth/google/callback?code=4%2F0AX4XfWiEcmYb4lPVoUBHtthpZhesx52XcyhZNpfuzUPXAWm3MuVT_80B1aemzkrBoGBxJw&scope=email+profile+https%3A%2F%2Fwww.googleapis.com%2Fauth%2Fuserinfo.profile+https%3A%2F%2Fwww.googleapis.com%2Fauth%2Fuserinfo.email+openid&authuser=1&prompt=consent HTTP/1.1" 302 72 "-" "Mozilla/5.0 (Windows NT 10.0; Win64; x64) AppleWebKit/537.36 (KHTML, like Gecko) Chrome/99.0.4844.51 Safari/537.36"
::1 - - [06/Mar/2022:13:49:11 +0000] "GET /allRestaurant HTTP/1.1" 304 - "-" "Mozilla/5.0 (Windows NT 10.0; Win64; x64) AppleWebKit/537.36 (KHTML, like Gecko) Chrome/99.0.4844.51 Safari/537.36"
::1 - - [06/Mar/2022:13:50:57 +0000] "GET /auth/google HTTP/1.1" 302 0 "-" "Mozilla/5.0 (Windows NT 10.0; Win64; x64) AppleWebKit/537.36 (KHTML, like Gecko) Chrome/99.0.4844.51 Safari/537.36"
::1 - - [06/Mar/2022:13:51:08 +0000] "GET /auth/google/callback?code=4%2F0AX4XfWigShbz5cSfZ5G_m6Hdt2wUGj_7no_91PDUQdG1Rhx9Hhb1MhMxZDK6jjzHY0dJFw&scope=email+profile+https%3A%2F%2Fwww.googleapis.com%2Fauth%2Fuserinfo.profile+https%3A%2F%2Fwww.googleapis.com%2Fauth%2Fuserinfo.email+openid&authuser=1&prompt=consent HTTP/1.1" 302 72 "-" "Mozilla/5.0 (Windows NT 10.0; Win64; x64) AppleWebKit/537.36 (KHTML, like Gecko) Chrome/99.0.4844.51 Safari/537.36"
::1 - - [06/Mar/2022:13:51:08 +0000] "GET /allRestaurant HTTP/1.1" 304 - "-" "Mozilla/5.0 (Windows NT 10.0; Win64; x64) AppleWebKit/537.36 (KHTML, like Gecko) Chrome/99.0.4844.51 Safari/537.36"
::1 - - [06/Mar/2022:13:52:08 +0000] "POST /createRestaurant HTTP/1.1" 401 28 "-" "PostmanRuntime/7.29.0"
::1 - - [06/Mar/2022:13:52:20 +0000] "GET /createRestaurant HTTP/1.1" 404 155 "-" "Mozilla/5.0 (Windows NT 10.0; Win64; x64) AppleWebKit/537.36 (KHTML, like Gecko) Chrome/99.0.4844.51 Safari/537.36"
::1 - - [07/Mar/2022:16:11:48 +0000] "GET /auth/google HTTP/1.1" 302 0 "-" "Mozilla/5.0 (Windows NT 10.0; Win64; x64) AppleWebKit/537.36 (KHTML, like Gecko) Chrome/99.0.4844.51 Safari/537.36"
::1 - - [07/Mar/2022:16:12:23 +0000] "GET /auth/google/callback?code=4%2F0AX4XfWhb9R3OFrICgyTQuOYIA2__pq6fju-ByZ4AMgpt-zeahIkim5c0Br6dIvDkLtYwrQ&scope=email+profile+https%3A%2F%2Fwww.googleapis.com%2Fauth%2Fuserinfo.profile+https%3A%2F%2Fwww.googleapis.com%2Fauth%2Fuserinfo.email+openid&authuser=0&prompt=consent HTTP/1.1" 302 72 "-" "Mozilla/5.0 (Windows NT 10.0; Win64; x64) AppleWebKit/537.36 (KHTML, like Gecko) Chrome/99.0.4844.51 Safari/537.36"
::1 - - [07/Mar/2022:16:12:24 +0000] "GET /allRestaurant HTTP/1.1" 304 - "-" "Mozilla/5.0 (Windows NT 10.0; Win64; x64) AppleWebKit/537.36 (KHTML, like Gecko) Chrome/99.0.4844.51 Safari/537.36"
::1 - - [07/Mar/2022:16:12:44 +0000] "GET /favicon.ico HTTP/1.1" 404 150 "-" "Mozilla/5.0 (Windows NT 10.0; Win64; x64) AppleWebKit/537.36 (KHTML, like Gecko) Chrome/99.0.4844.51 Safari/537.36"
::1 - - [07/Mar/2022:16:13:16 +0000] "GET /auth/google/callback?code=4%2F0AX4XfWgTs2g6DvGNu-gRNt79BzG6zIHPq5xLkt5_6ijY5j9vrZXDNIcMEXuz2iDIGCqyLg&scope=email+profile+https%3A%2F%2Fwww.googleapis.com%2Fauth%2Fuserinfo.profile+https%3A%2F%2Fwww.googleapis.com%2Fauth%2Fuserinfo.email+openid&authuser=0&prompt=consent HTTP/1.1" 302 72 "-" "Mozilla/5.0 (Windows NT 10.0; Win64; x64) AppleWebKit/537.36 (KHTML, like Gecko) Chrome/99.0.4844.51 Safari/537.36"
::1 - - [07/Mar/2022:16:13:17 +0000] "GET /allRestaurant HTTP/1.1" 304 - "-" "Mozilla/5.0 (Windows NT 10.0; Win64; x64) AppleWebKit/537.36 (KHTML, like Gecko) Chrome/99.0.4844.51 Safari/537.36"
::1 - - [07/Mar/2022:16:14:42 +0000] "GET /auth/google HTTP/1.1" 302 0 "-" "Mozilla/5.0 (Windows NT 10.0; Win64; x64) AppleWebKit/537.36 (KHTML, like Gecko) Chrome/99.0.4844.51 Safari/537.36"
::1 - - [07/Mar/2022:16:14:53 +0000] "GET /auth/google/callback?code=4%2F0AX4XfWiLMlEnzehaYspHaSFITUofk0DquSKdbun6dUDexiklS5sZU2-9XVuZ36rNSU9IJg&scope=email+profile+https%3A%2F%2Fwww.googleapis.com%2Fauth%2Fuserinfo.profile+https%3A%2F%2Fwww.googleapis.com%2Fauth%2Fuserinfo.email+openid&authuser=0&prompt=consent HTTP/1.1" 302 72 "-" "Mozilla/5.0 (Windows NT 10.0; Win64; x64) AppleWebKit/537.36 (KHTML, like Gecko) Chrome/99.0.4844.51 Safari/537.36"
::1 - - [07/Mar/2022:16:14:53 +0000] "GET /allRestaurant HTTP/1.1" 304 - "-" "Mozilla/5.0 (Windows NT 10.0; Win64; x64) AppleWebKit/537.36 (KHTML, like Gecko) Chrome/99.0.4844.51 Safari/537.36"
::1 - - [07/Mar/2022:16:17:48 +0000] "GET /auth/google HTTP/1.1" 302 0 "-" "Mozilla/5.0 (Windows NT 10.0; Win64; x64) AppleWebKit/537.36 (KHTML, like Gecko) Chrome/99.0.4844.51 Safari/537.36"
::1 - - [07/Mar/2022:16:18:00 +0000] "GET /auth/google/callback?code=4%2F0AX4XfWjn5Xko7F3l17G10d70vzfrpeYJsypUx0aDnLuZlT97NsbcrUQJJNV2uT2Z6672bA&scope=email+profile+https%3A%2F%2Fwww.googleapis.com%2Fauth%2Fuserinfo.profile+https%3A%2F%2Fwww.googleapis.com%2Fauth%2Fuserinfo.email+openid&authuser=1&prompt=consent HTTP/1.1" 302 72 "-" "Mozilla/5.0 (Windows NT 10.0; Win64; x64) AppleWebKit/537.36 (KHTML, like Gecko) Chrome/99.0.4844.51 Safari/537.36"
::1 - - [07/Mar/2022:16:18:00 +0000] "GET /allRestaurant HTTP/1.1" 304 - "-" "Mozilla/5.0 (Windows NT 10.0; Win64; x64) AppleWebKit/537.36 (KHTML, like Gecko) Chrome/99.0.4844.51 Safari/537.36"
::1 - - [07/Mar/2022:16:19:16 +0000] "GET /api/current_user HTTP/1.1" 500 34 "-" "Mozilla/5.0 (Windows NT 10.0; Win64; x64) AppleWebKit/537.36 (KHTML, like Gecko) Chrome/99.0.4844.51 Safari/537.36"
::1 - - [07/Mar/2022:16:19:37 +0000] "GET /api/current_user HTTP/1.1" 200 178 "-" "Mozilla/5.0 (Windows NT 10.0; Win64; x64) AppleWebKit/537.36 (KHTML, like Gecko) Chrome/99.0.4844.51 Safari/537.36"
::1 - - [07/Mar/2022:16:20:36 +0000] "GET /api/current_user HTTP/1.1" 304 - "-" "Mozilla/5.0 (Windows NT 10.0; Win64; x64) AppleWebKit/537.36 (KHTML, like Gecko) Chrome/99.0.4844.51 Safari/537.36"
::1 - - [07/Mar/2022:16:20:41 +0000] "GET /api/current_user HTTP/1.1" 304 - "-" "Mozilla/5.0 (Windows NT 10.0; Win64; x64) AppleWebKit/537.36 (KHTML, like Gecko) Chrome/99.0.4844.51 Safari/537.36"
::1 - - [07/Mar/2022:16:20:56 +0000] "GET /api/current_user HTTP/1.1" 304 - "-" "Mozilla/5.0 (Windows NT 10.0; Win64; x64) AppleWebKit/537.36 (KHTML, like Gecko) Chrome/99.0.4844.51 Safari/537.36"
::1 - - [07/Mar/2022:16:22:14 +0000] "GET /api/current_user HTTP/1.1" 304 - "-" "Mozilla/5.0 (Windows NT 10.0; Win64; x64) AppleWebKit/537.36 (KHTML, like Gecko) Chrome/99.0.4844.51 Safari/537.36"
::1 - - [07/Mar/2022:16:22:28 +0000] "GET /api/current_user HTTP/1.1" 304 - "-" "Mozilla/5.0 (Windows NT 10.0; Win64; x64) AppleWebKit/537.36 (KHTML, like Gecko) Chrome/99.0.4844.51 Safari/537.36"
::1 - - [07/Mar/2022:16:22:44 +0000] "GET /api/current_user HTTP/1.1" 304 - "-" "Mozilla/5.0 (Windows NT 10.0; Win64; x64) AppleWebKit/537.36 (KHTML, like Gecko) Chrome/99.0.4844.51 Safari/537.36"
::1 - - [07/Mar/2022:16:22:50 +0000] "GET /api/current_user HTTP/1.1" 304 - "-" "Mozilla/5.0 (Windows NT 10.0; Win64; x64) AppleWebKit/537.36 (KHTML, like Gecko) Chrome/99.0.4844.51 Safari/537.36"
::1 - - [07/Mar/2022:16:24:44 +0000] "GET /allRestaurant HTTP/1.1" 304 - "-" "Mozilla/5.0 (Windows NT 10.0; Win64; x64) AppleWebKit/537.36 (KHTML, like Gecko) Chrome/99.0.4844.51 Safari/537.36"
::1 - - [07/Mar/2022:16:26:54 +0000] "GET /allRestaurant HTTP/1.1" 304 - "-" "Mozilla/5.0 (Windows NT 10.0; Win64; x64) AppleWebKit/537.36 (KHTML, like Gecko) Chrome/99.0.4844.51 Safari/537.36"
::1 - - [07/Mar/2022:16:28:01 +0000] "POST /createRestaurant HTTP/1.1" 401 28 "-" "PostmanRuntime/7.29.0"
::1 - - [07/Mar/2022:16:36:45 +0000] "GET /allRestaurant HTTP/1.1" 500 36 "-" "Mozilla/5.0 (Windows NT 10.0; Win64; x64) AppleWebKit/537.36 (KHTML, like Gecko) Chrome/99.0.4844.51 Safari/537.36"
::1 - - [07/Mar/2022:16:37:04 +0000] "GET /allRestaurant HTTP/1.1" 500 36 "-" "Mozilla/5.0 (Windows NT 10.0; Win64; x64) AppleWebKit/537.36 (KHTML, like Gecko) Chrome/99.0.4844.51 Safari/537.36"
::1 - - [07/Mar/2022:16:37:16 +0000] "GET /allRestaurant HTTP/1.1" 500 36 "-" "Mozilla/5.0 (Windows NT 10.0; Win64; x64) AppleWebKit/537.36 (KHTML, like Gecko) Chrome/99.0.4844.51 Safari/537.36"
::1 - - [07/Mar/2022:16:39:04 +0000] "GET /allRestaurant HTTP/1.1" 200 393 "-" "Mozilla/5.0 (Windows NT 10.0; Win64; x64) AppleWebKit/537.36 (KHTML, like Gecko) Chrome/99.0.4844.51 Safari/537.36"
::1 - - [07/Mar/2022:16:40:04 +0000] "GET /allRestaurant HTTP/1.1" 304 - "-" "Mozilla/5.0 (Windows NT 10.0; Win64; x64) AppleWebKit/537.36 (KHTML, like Gecko) Chrome/99.0.4844.51 Safari/537.36"
::1 - - [07/Mar/2022:16:40:17 +0000] "GET /allRestaurant HTTP/1.1" 500 36 "-" "Mozilla/5.0 (Windows NT 10.0; Win64; x64) AppleWebKit/537.36 (KHTML, like Gecko) Chrome/99.0.4844.51 Safari/537.36"
::1 - - [07/Mar/2022:16:45:58 +0000] "GET /allRestaurant HTTP/1.1" 304 - "-" "Mozilla/5.0 (Windows NT 10.0; Win64; x64) AppleWebKit/537.36 (KHTML, like Gecko) Chrome/99.0.4844.51 Safari/537.36"
::1 - - [07/Mar/2022:16:46:12 +0000] "GET /allRestaurant HTTP/1.1" 304 - "-" "Mozilla/5.0 (Windows NT 10.0; Win64; x64) AppleWebKit/537.36 (KHTML, like Gecko) Chrome/99.0.4844.51 Safari/537.36"
::1 - - [07/Mar/2022:16:46:20 +0000] "GET /allRestaurant HTTP/1.1" 304 - "-" "Mozilla/5.0 (Windows NT 10.0; Win64; x64) AppleWebKit/537.36 (KHTML, like Gecko) Chrome/99.0.4844.51 Safari/537.36"
::1 - - [07/Mar/2022:16:52:37 +0000] "GET /deleteRestaurant?resId=6224ab8bd5d1a837aee20e61 HTTP/1.1" 404 155 "-" "PostmanRuntime/7.29.0"
::1 - - [07/Mar/2022:16:52:48 +0000] "POST /deleteRestaurant?resId=6224ab8bd5d1a837aee20e61 HTTP/1.1" 500 64 "-" "PostmanRuntime/7.29.0"
::1 - - [07/Mar/2022:16:54:51 +0000] "POST /deleteRestaurant?resId=6224ab8bd5d1a837aee20e61 HTTP/1.1" 500 64 "-" "PostmanRuntime/7.29.0"
::1 - - [07/Mar/2022:16:57:45 +0000] "POST /deleteRestaurant?resId=6224ab8bd5d1a837aee20e61 HTTP/1.1" 500 64 "-" "PostmanRuntime/7.29.0"
::1 - - [07/Mar/2022:16:58:50 +0000] "POST /deleteRestaurant?resId=6224ab8bd5d1a837aee20e61 HTTP/1.1" 500 69 "-" "PostmanRuntime/7.29.0"
::1 - - [07/Mar/2022:17:00:10 +0000] "POST /deleteRestaurant?resId=6224ab8bd5d1a837aee20e61 HTTP/1.1" 500 69 "-" "PostmanRuntime/7.29.0"
::1 - - [07/Mar/2022:17:02:52 +0000] "POST /deleteRestaurant?resId=6224ab8bd5d1a837aee20e61 HTTP/1.1" 500 69 "-" "PostmanRuntime/7.29.0"
::1 - - [07/Mar/2022:17:03:11 +0000] "POST /deleteRestaurant?resId=6224ab8bd5d1a837aee20e61 HTTP/1.1" 500 69 "-" "PostmanRuntime/7.29.0"
::1 - - [07/Mar/2022:17:03:43 +0000] "POST /deleteRestaurant?resId=6224ab8bd5d1a837aee20e61 HTTP/1.1" 500 69 "-" "PostmanRuntime/7.29.0"
::1 - - [07/Mar/2022:17:04:38 +0000] "POST /deleteRestaurant?resId=6224ab8bd5d1a837aee20e61 HTTP/1.1" 500 69 "-" "PostmanRuntime/7.29.0"
::1 - - [07/Mar/2022:17:05:24 +0000] "POST /deleteRestaurant?resId=6224ab8bd5d1a837aee20e61 HTTP/1.1" 500 69 "-" "PostmanRuntime/7.29.0"
::1 - - [07/Mar/2022:17:06:14 +0000] "POST /deleteRestaurant?resId=6224ab8bd5d1a837aee20e61 HTTP/1.1" 500 69 "-" "PostmanRuntime/7.29.0"
::1 - - [07/Mar/2022:17:08:24 +0000] "POST /deleteRestaurant?resId=6224ab8bd5d1a837aee20e61 HTTP/1.1" 500 63 "-" "PostmanRuntime/7.29.0"
::1 - - [07/Mar/2022:17:10:16 +0000] "POST /deleteRestaurant?resId=6224ab8bd5d1a837aee20e61 HTTP/1.1" 500 63 "-" "PostmanRuntime/7.29.0"
::1 - - [07/Mar/2022:17:10:47 +0000] "POST /deleteRestaurant?resId=6224ab8bd5d1a837aee20e61 HTTP/1.1" 500 63 "-" "PostmanRuntime/7.29.0"
::1 - - [07/Mar/2022:17:11:49 +0000] "POST /deleteRestaurant?resId=6224ab8bd5d1a837aee20e61 HTTP/1.1" 500 63 "-" "PostmanRuntime/7.29.0"
::1 - - [07/Mar/2022:17:13:56 +0000] "GET /auth/google HTTP/1.1" 302 0 "-" "Mozilla/5.0 (Windows NT 10.0; Win64; x64) AppleWebKit/537.36 (KHTML, like Gecko) Chrome/99.0.4844.51 Safari/537.36"
::1 - - [07/Mar/2022:17:14:04 +0000] "GET /auth/google/callback?code=4%2F0AX4XfWiJ8rx-QFhu0vKSPO-b-yOiOms_I8G2zmnzQgBdAnF3pf5EDqxYfqGdUSRXyYL4HA&scope=email+profile+https%3A%2F%2Fwww.googleapis.com%2Fauth%2Fuserinfo.profile+https%3A%2F%2Fwww.googleapis.com%2Fauth%2Fuserinfo.email+openid&authuser=0&prompt=consent HTTP/1.1" 302 72 "-" "Mozilla/5.0 (Windows NT 10.0; Win64; x64) AppleWebKit/537.36 (KHTML, like Gecko) Chrome/99.0.4844.51 Safari/537.36"
::1 - - [07/Mar/2022:17:14:04 +0000] "GET /allRestaurant HTTP/1.1" 200 18 "-" "Mozilla/5.0 (Windows NT 10.0; Win64; x64) AppleWebKit/537.36 (KHTML, like Gecko) Chrome/99.0.4844.51 Safari/537.36"
::1 - - [07/Mar/2022:17:16:00 +0000] "POST /createRestaurant HTTP/1.1" 500 36 "-" "PostmanRuntime/7.29.0"
::1 - - [07/Mar/2022:17:16:24 +0000] "POST /createRestaurant HTTP/1.1" 200 141 "-" "PostmanRuntime/7.29.0"
::1 - - [07/Mar/2022:17:21:01 +0000] "POST /createRestaurant HTTP/1.1" 200 141 "-" "PostmanRuntime/7.29.0"
::1 - - [07/Mar/2022:17:21:54 +0000] "POST /deleteRestaurant?resId=62263efc685b070294e34011 HTTP/1.1" 200 33 "-" "PostmanRuntime/7.29.0"
::1 - - [07/Mar/2022:17:22:26 +0000] "POST /createRestaurant HTTP/1.1" 200 141 "-" "PostmanRuntime/7.29.0"
::1 - - [07/Mar/2022:17:22:37 +0000] "POST /createRestaurant HTTP/1.1" 200 137 "-" "PostmanRuntime/7.29.0"
::1 - - [07/Mar/2022:17:24:33 +0000] "GET /allRestaurant HTTP/1.1" 200 297 "-" "Mozilla/5.0 (Windows NT 10.0; Win64; x64) AppleWebKit/537.36 (KHTML, like Gecko) Chrome/99.0.4844.51 Safari/537.36"
::1 - - [07/Mar/2022:17:31:50 +0000] "DELETE /deleteRestaurant?resId=62263f51685b070294e3401f HTTP/1.1" 200 33 "-" "PostmanRuntime/7.29.0"
::1 - - [07/Mar/2022:17:38:16 +0000] "PATCH /editRestaurant?resId=62263f5c685b070294e34027 HTTP/1.1" 500 64 "-" "PostmanRuntime/7.29.0"
::1 - - [07/Mar/2022:17:40:05 +0000] "PATCH /editRestaurant?resId=62263f5c685b070294e34027 HTTP/1.1" 500 55 "-" "PostmanRuntime/7.29.0"
::1 - - [07/Mar/2022:17:40:39 +0000] "PATCH /editRestaurant?resId=62263f5c685b070294e34027 HTTP/1.1" 500 55 "-" "PostmanRuntime/7.29.0"
::1 - - [07/Mar/2022:17:41:22 +0000] "PATCH /editRestaurant?resId=62263f5c685b070294e34027 HTTP/1.1" 500 64 "-" "PostmanRuntime/7.29.0"
::1 - - [07/Mar/2022:17:43:22 +0000] "PATCH /editRestaurant?resId=62263f5c685b070294e34027 HTTP/1.1" 200 39 "-" "PostmanRuntime/7.29.0"
::1 - - [07/Mar/2022:18:39:17 +0000] "POST /restaurant HTTP/1.1" 500 36 "-" "PostmanRuntime/7.29.0"
::1 - - [07/Mar/2022:18:41:20 +0000] "POST /restaurant HTTP/1.1" 200 139 "-" "PostmanRuntime/7.29.0"
::1 - - [07/Mar/2022:18:42:17 +0000] "PATCH /editRestaurant?resId=622651cff6851d68f3016483 HTTP/1.1" 404 155 "-" "PostmanRuntime/7.29.0"
::1 - - [07/Mar/2022:18:42:34 +0000] "PATCH /restaurant?resId=622651cff6851d68f3016483 HTTP/1.1" 500 64 "-" "PostmanRuntime/7.29.0"
::1 - - [07/Mar/2022:18:43:13 +0000] "PATCH /restaurant?resId=622651cff6851d68f3016483 HTTP/1.1" 500 64 "-" "PostmanRuntime/7.29.0"
::1 - - [07/Mar/2022:18:44:21 +0000] "PATCH /restaurant?resId=622651cff6851d68f3016483 HTTP/1.1" 500 64 "-" "PostmanRuntime/7.29.0"
::1 - - [07/Mar/2022:18:44:53 +0000] "PATCH /restaurant?resId=622651cff6851d68f3016483 HTTP/1.1" 500 64 "-" "PostmanRuntime/7.29.0"
::1 - - [07/Mar/2022:18:46:03 +0000] "PATCH /restaurant?resId=622651cff6851d68f3016483 HTTP/1.1" 500 64 "-" "PostmanRuntime/7.29.0"
::1 - - [07/Mar/2022:18:46:40 +0000] "PATCH /restaurant?resId=622651cff6851d68f3016483 HTTP/1.1" 500 119 "-" "PostmanRuntime/7.29.0"
::1 - - [07/Mar/2022:18:49:19 +0000] "PATCH /restaurant?resId=622651cff6851d68f3016483 HTTP/1.1" 500 119 "-" "PostmanRuntime/7.29.0"
::1 - - [07/Mar/2022:18:49:49 +0000] "POST /restaurant HTTP/1.1" 200 141 "-" "PostmanRuntime/7.29.0"
::1 - - [07/Mar/2022:18:50:17 +0000] "PATCH /restaurant?resId=622653ccad3c91dd5f381af6 HTTP/1.1" 500 119 "-" "PostmanRuntime/7.29.0"
::1 - - [07/Mar/2022:18:51:02 +0000] "PATCH /restaurantU?resId=622653ccad3c91dd5f381af6 HTTP/1.1" 500 119 "-" "PostmanRuntime/7.29.0"
::1 - - [07/Mar/2022:18:53:08 +0000] "PATCH /restaurantU?resId=622653ccad3c91dd5f381af6 HTTP/1.1" 404 152 "-" "PostmanRuntime/7.29.0"
::1 - - [07/Mar/2022:18:53:19 +0000] "PATCH /restaurant?resId=622653ccad3c91dd5f381af6 HTTP/1.1" 200 39 "-" "PostmanRuntime/7.29.0"
::1 - - [07/Mar/2022:18:54:09 +0000] "DELETE /restaurant?resId=622651cff6851d68f3016483 HTTP/1.1" 200 33 "-" "PostmanRuntime/7.29.0"
::1 - - [07/Mar/2022:18:56:29 +0000] "GET /allRestaurant HTTP/1.1" 200 323 "-" "Mozilla/5.0 (Windows NT 10.0; Win64; x64) AppleWebKit/537.36 (KHTML, like Gecko) Chrome/99.0.4844.51 Safari/537.36"
::1 - - [07/Mar/2022:19:16:05 +0000] "GET /restaurantDetails?id=622653ccad3c91dd5f381af6 HTTP/1.1" 200 184 "-" "PostmanRuntime/7.29.0"
::1 - - [07/Mar/2022:19:17:45 +0000] "GET /restaurantDetails?id=622653ccad3c91dd5f381af6 HTTP/1.1" 200 184 "-" "PostmanRuntime/7.29.0"
::1 - - [07/Mar/2022:19:48:43 +0000] "GET /restaurant HTTP/1.1" 500 36 "-" "PostmanRuntime/7.29.0"
::1 - - [07/Mar/2022:19:50:06 +0000] "GET /restaurant HTTP/1.1" 200 184 "-" "PostmanRuntime/7.29.0"
::1 - - [07/Mar/2022:19:50:29 +0000] "GET /restaurant HTTP/1.1" 200 184 "-" "PostmanRuntime/7.29.0"
::1 - - [07/Mar/2022:19:52:13 +0000] "GET /restaurant HTTP/1.1" 200 184 "-" "PostmanRuntime/7.29.0"
::1 - - [07/Mar/2022:19:52:59 +0000] "POST /restaurant HTTP/1.1" 500 36 "-" "PostmanRuntime/7.29.0"
::1 - - [07/Mar/2022:21:34:05 +0000] "GET /auth/google HTTP/1.1" 302 0 "-" "Mozilla/5.0 (Windows NT 10.0; Win64; x64) AppleWebKit/537.36 (KHTML, like Gecko) Chrome/99.0.4844.51 Safari/537.36"
::1 - - [07/Mar/2022:21:34:14 +0000] "GET /auth/google/callback?code=4%2F0AX4XfWiGW3GsvVK9pzWlNd-NgKeg_7uTQomv4RmRKPmsioabjiVRRv4UKBqv-MhbMFnBnQ&scope=email+profile+https%3A%2F%2Fwww.googleapis.com%2Fauth%2Fuserinfo.profile+https%3A%2F%2Fwww.googleapis.com%2Fauth%2Fuserinfo.email+openid&authuser=0&prompt=consent HTTP/1.1" 302 72 "-" "Mozilla/5.0 (Windows NT 10.0; Win64; x64) AppleWebKit/537.36 (KHTML, like Gecko) Chrome/99.0.4844.51 Safari/537.36"
::1 - - [07/Mar/2022:21:34:14 +0000] "GET /allRestaurant HTTP/1.1" 200 18 "-" "Mozilla/5.0 (Windows NT 10.0; Win64; x64) AppleWebKit/537.36 (KHTML, like Gecko) Chrome/99.0.4844.51 Safari/537.36"
::1 - - [08/Mar/2022:08:14:23 +0000] "POST /restaurant HTTP/1.1" 500 2 "-" "PostmanRuntime/7.29.0"
::1 - - [08/Mar/2022:08:16:36 +0000] "POST /restaurant HTTP/1.1" 201 189 "-" "PostmanRuntime/7.29.0"
::1 - - [08/Mar/2022:08:17:44 +0000] "POST /restaurant HTTP/1.1" 500 60 "-" "PostmanRuntime/7.29.0"
::1 - - [08/Mar/2022:08:17:55 +0000] "POST /restaurant HTTP/1.1" 201 207 "-" "PostmanRuntime/7.29.0"
::1 - - [08/Mar/2022:08:19:14 +0000] "PATCH /restaurant?resId=622710e3ca58f35f576ba20a HTTP/1.1" 500 36 "-" "PostmanRuntime/7.29.0"
::1 - - [08/Mar/2022:08:20:16 +0000] "PATCH /restaurant?resId=622710e3ca58f35f576ba20a HTTP/1.1" 200 39 "-" "PostmanRuntime/7.29.0"
::1 - - [08/Mar/2022:08:20:32 +0000] "PATCH /restaurant?resId=622710e3ca58f35f576ba20a HTTP/1.1" 500 60 "-" "PostmanRuntime/7.29.0"
::1 - - [08/Mar/2022:08:26:32 +0000] "POST /signup HTTP/1.1" 404 146 "-" "PostmanRuntime/7.29.0"
::1 - - [08/Mar/2022:08:27:10 +0000] "POST /user/signup HTTP/1.1" 201 301 "-" "PostmanRuntime/7.29.0"
::1 - - [08/Mar/2022:08:28:54 +0000] "POST /user/signup HTTP/1.1" 201 304 "-" "PostmanRuntime/7.29.0"
